Unity Editor version:    2021.2.10f1 (ee872746220e)
Branch:                  2021.2/staging
Build type:              Release
Batch mode:              YES
macOS version:           Version 10.15.2 (Build 19C57)
Darwin version:          19.2.0
Architecture:            x86_64
Running under Rosetta:   NO
Available memory:        16384 MB
Using pre-set license
Pro License: NO

COMMAND LINE ARGUMENTS:
/Applications/Unity/Unity.app/Contents/MacOS/Unity
-adb2
-batchMode
-noUpm
-name
AssetImportWorker0
-projectPath
/Users/software/Desktop/spring 2022/museum/Github musuem/Museum-of-Us/MuseumOfUs
-logFile
Logs/AssetImportWorker0.log
-srvPort
53398
Successfully changed project path to: /Users/software/Desktop/spring 2022/museum/Github musuem/Museum-of-Us/MuseumOfUs
/Users/software/Desktop/spring 2022/museum/Github musuem/Museum-of-Us/MuseumOfUs
[UnityMemory] Configuration Parameters - Can be set up in boot.config
    "memorysetup-bucket-allocator-granularity=16"
    "memorysetup-bucket-allocator-bucket-count=8"
    "memorysetup-bucket-allocator-block-size=33554432"
    "memorysetup-bucket-allocator-block-count=8"
    "memorysetup-main-allocator-block-size=16777216"
    "memorysetup-thread-allocator-block-size=16777216"
    "memorysetup-gfx-main-allocator-block-size=16777216"
    "memorysetup-gfx-thread-allocator-block-size=16777216"
    "memorysetup-cache-allocator-block-size=4194304"
    "memorysetup-typetree-allocator-block-size=2097152"
    "memorysetup-profiler-bucket-allocator-granularity=16"
    "memorysetup-profiler-bucket-allocator-bucket-count=8"
    "memorysetup-profiler-bucket-allocator-block-size=33554432"
    "memorysetup-profiler-bucket-allocator-block-count=8"
    "memorysetup-profiler-allocator-block-size=16777216"
    "memorysetup-profiler-editor-allocator-block-size=1048576"
    "memorysetup-temp-allocator-size-main=16777216"
    "memorysetup-job-temp-allocator-block-size=2097152"
    "memorysetup-job-temp-allocator-block-size-background=1048576"
    "memorysetup-job-temp-allocator-reduction-small-platforms=262144"
    "memorysetup-temp-allocator-size-background-worker=32768"
    "memorysetup-temp-allocator-size-job-worker=262144"
    "memorysetup-temp-allocator-size-preload-manager=33554432"
    "memorysetup-temp-allocator-size-nav-mesh-worker=65536"
    "memorysetup-temp-allocator-size-audio-worker=65536"
    "memorysetup-temp-allocator-size-cloud-worker=32768"
    "memorysetup-temp-allocator-size-gi-baking-worker=262144"
    "memorysetup-temp-allocator-size-gfx=262144"
Refreshing native plugins compatible for Editor in 142.33 ms, found 2 plugins.
Preloading 0 native plugins for Editor in 0.00 ms.
Initialize engine version: 2021.2.10f1 (ee872746220e)
[Subsystems] Discovering subsystems at path /Applications/Unity/Unity.app/Contents/Resources/UnitySubsystems
[Subsystems] Discovering subsystems at path /Users/software/Desktop/spring 2022/museum/Github musuem/Museum-of-Us/MuseumOfUs/Assets
GfxDevice: creating device client; threaded=0; jobified=0
Color LCD preferred device: Intel Iris Pro Graphics (low power)
Metal devices available: 2
0: AMD Radeon R9 M370X (high power)
1: Intel Iris Pro Graphics (low power)
Using device AMD Radeon R9 M370X (high power)
Initializing Metal device caps: AMD Radeon R9 M370X
Initialize mono
Mono path[0] = '/Applications/Unity/Unity.app/Contents/Managed'
Mono path[1] = '/Applications/Unity/Unity.app/Contents/MonoBleedingEdge/lib/mono/unityjit-macos'
Mono config path = '/Applications/Unity/Unity.app/Contents/MonoBleedingEdge/etc'
Using monoOptions --debugger-agent=transport=dt_socket,embedding=1,server=y,suspend=n,address=127.0.0.1:56721
Begin MonoManager ReloadAssembly
Registering precompiled unity dll's ...
Register platform support module: /Applications/Unity/Unity.app/Contents/PlaybackEngines/MacStandaloneSupport/UnityEditor.OSXStandalone.Extensions.dll
Registered in 0.000963 seconds.
Native extension for OSXStandalone target not found
Refreshing native plugins compatible for Editor in 141.85 ms, found 2 plugins.
Preloading 0 native plugins for Editor in 0.00 ms.
Mono: successfully reloaded assembly
- Completed reload, in  0.937 seconds
Domain Reload Profiling:
	ReloadAssembly (938ms)
		BeginReloadAssembly (77ms)
			ExecutionOrderSort (0ms)
			DisableScriptedObjects (0ms)
			BackupInstance (0ms)
			ReleaseScriptingObjects (0ms)
			CreateAndSetChildDomain (1ms)
		EndReloadAssembly (733ms)
			LoadAssemblies (76ms)
			RebuildTransferFunctionScriptingTraits (0ms)
			SetupTypeCache (181ms)
			ReleaseScriptCaches (0ms)
			RebuildScriptCaches (47ms)
			SetupLoadedEditorAssemblies (434ms)
				LogAssemblyErrors (0ms)
				InitializePlatformSupportModulesInManaged (17ms)
				SetLoadedEditorAssemblies (0ms)
				RefreshPlugins (142ms)
				BeforeProcessingInitializeOnLoad (2ms)
				ProcessInitializeOnLoadAttributes (206ms)
				ProcessInitializeOnLoadMethodAttributes (67ms)
				AfterProcessingInitializeOnLoad (0ms)
				EditorAssembliesLoaded (0ms)
			ExecutionOrderSort2 (0ms)
			AwakeInstancesAfterBackupRestoration (0ms)
Platform modules already initialized, skipping
Registering precompiled user dll's ...
Registered in 0.006325 seconds.
Begin MonoManager ReloadAssembly
Symbol file LoadedFromMemory doesn't match image /Users/software/Desktop/spring 2022/museum/Github musuem/Museum-of-Us/MuseumOfUs/Library/PackageCache/com.unity.visualscripting@1.7.6/Editor/VisualScripting.Core/Dependencies/YamlDotNet/Unity.VisualScripting.YamlDotNet.dll
Symbol file LoadedFromMemory doesn't match image /Users/software/Desktop/spring 2022/museum/Github musuem/Museum-of-Us/MuseumOfUs/Library/PackageCache/com.unity.visualscripting@1.7.6/Editor/VisualScripting.Core/Dependencies/DotNetZip/Unity.VisualScripting.IonicZip.dll
Native extension for OSXStandalone target not found
Refreshing native plugins compatible for Editor in 1.09 ms, found 2 plugins.
Preloading 0 native plugins for Editor in 0.00 ms.
Mono: successfully reloaded assembly
- Completed reload, in  1.548 seconds
Domain Reload Profiling:
	ReloadAssembly (1549ms)
		BeginReloadAssembly (141ms)
			ExecutionOrderSort (0ms)
			DisableScriptedObjects (9ms)
			BackupInstance (0ms)
			ReleaseScriptingObjects (0ms)
			CreateAndSetChildDomain (42ms)
		EndReloadAssembly (1256ms)
			LoadAssemblies (107ms)
			RebuildTransferFunctionScriptingTraits (0ms)
			SetupTypeCache (438ms)
			ReleaseScriptCaches (1ms)
			RebuildScriptCaches (85ms)
			SetupLoadedEditorAssemblies (545ms)
				LogAssemblyErrors (0ms)
				InitializePlatformSupportModulesInManaged (11ms)
				SetLoadedEditorAssemblies (1ms)
				RefreshPlugins (1ms)
				BeforeProcessingInitializeOnLoad (102ms)
				ProcessInitializeOnLoadAttributes (390ms)
				ProcessInitializeOnLoadMethodAttributes (37ms)
				AfterProcessingInitializeOnLoad (2ms)
				EditorAssembliesLoaded (0ms)
			ExecutionOrderSort2 (0ms)
			AwakeInstancesAfterBackupRestoration (6ms)
Platform modules already initialized, skipping
========================================================================
Worker process is ready to serve import requests
Launching external process: /Applications/Unity/Unity.app/Contents/Tools/UnityShaderCompiler
Launched and connected shader compiler UnityShaderCompiler after 0.03 seconds
Refreshing native plugins compatible for Editor in 1.62 ms, found 2 plugins.
Preloading 0 native plugins for Editor in 0.00 ms.
Unloading 3231 Unused Serialized files (Serialized files now loaded: 0)
Unloading 26 unused Assets / (94.0 KB). Loaded Objects now: 3691.
Memory consumption went from 229.0 MB to 228.9 MB.
Total: 4.152354 ms (FindLiveObjects: 0.315674 ms CreateObjectMapping: 0.252621 ms MarkObjects: 3.397154 ms  DeleteObjects: 0.185380 ms)

AssetImportParameters requested are different than current active one (requested -> active):
  custom:video-decoder-ogg-theora: a1e56fd34408186e4bbccfd4996cb3dc -> 
  custom:container-muxer-webm: aa71ff27fc2769a1b78a27578f13a17b -> 
  custom:container-demuxer-webm: 4f35f7cbe854078d1ac9338744f61a02 -> 
  custom:video-encoder-webm-vp8: eb34c28f22e8b96e1ab97ce403110664 -> 
  custom:framework-osx-AVFoundation: b23960f63f64bdc6ff669e2cdcee2391 -> 
  custom:audio-encoder-webm-vorbis: bf7c407c2cedff20999df2af8eb42d56 -> 
  custom:container-demuxer-ogg: 62fdf1f143b41e24485cea50d1cbac27 -> 
  custom:video-decoder-webm-vp8: 9c59270c3fd7afecdb556c50c9e8de78 -> 
  custom:audio-decoder-ogg-vorbis: bf7c407c2cedff20999df2af8eb42d56 -> 
========================================================================
Received Import Request.
  Time since last request: 179449.841872 seconds.
  path: Assets/未分类/Planes LowPoly/Prefabs/Version 1.2/HelicopterV2.prefab
  artifactKey: Guid(b788d51d82cdf18459ff7c5857438f0a) Importer(815301076,1909f56bfc062723c751e8b465ee728b)
Start importing Assets/未分类/Planes LowPoly/Prefabs/Version 1.2/HelicopterV2.prefab using Guid(b788d51d82cdf18459ff7c5857438f0a) Importer(815301076,1909f56bfc062723c751e8b465ee728b)  -> (artifact id: '21898f1adc6bebefa5a7a4915d75cead') in 0.447079 seconds 
========================================================================
Received Import Request.
  Time since last request: 0.000117 seconds.
  path: Assets/未分类/Planes LowPoly/Prefabs/LightPlane.prefab
  artifactKey: Guid(fa28e0cc64b3f4345a9d2215c5bfec80) Importer(815301076,1909f56bfc062723c751e8b465ee728b)
Start importing Assets/未分类/Planes LowPoly/Prefabs/LightPlane.prefab using Guid(fa28e0cc64b3f4345a9d2215c5bfec80) Importer(815301076,1909f56bfc062723c751e8b465ee728b)  -> (artifact id: '59c4184d1f7baf124072278927bca09f') in 0.031356 seconds 
========================================================================
Received Import Request.
  Time since last request: 0.000056 seconds.
  path: Assets/未分类/Planes LowPoly/Prefabs/Version 1.2/ComPlaneV1.prefab
  artifactKey: Guid(99078e3151f42fd42949f97b0b73bd7b) Importer(815301076,1909f56bfc062723c751e8b465ee728b)
Start importing Assets/未分类/Planes LowPoly/Prefabs/Version 1.2/ComPlaneV1.prefab using Guid(99078e3151f42fd42949f97b0b73bd7b) Importer(815301076,1909f56bfc062723c751e8b465ee728b)  -> (artifact id: 'a18ddf2dc8bd2f854cc20b0f4972f4ed') in 0.026277 seconds 
========================================================================
Received Import Request.
  Time since last request: 0.000098 seconds.
  path: Assets/未分类/Planes LowPoly/Prefabs/Version 1.2/HelicopterV1.prefab
  artifactKey: Guid(16ac732b58c8753419a01038b1642b0d) Importer(815301076,1909f56bfc062723c751e8b465ee728b)
Start importing Assets/未分类/Planes LowPoly/Prefabs/Version 1.2/HelicopterV1.prefab using Guid(16ac732b58c8753419a01038b1642b0d) Importer(815301076,1909f56bfc062723c751e8b465ee728b)  -> (artifact id: 'a06c8533da26f99344dd382b8f21374c') in 0.027103 seconds 
========================================================================
Received Import Request.
  Time since last request: 0.000062 seconds.
  path: Assets/未分类/Planes LowPoly/Prefabs/ComPlaneV3.prefab
  artifactKey: Guid(7a4952846ba09894b99aeabfdafb8ec0) Importer(815301076,1909f56bfc062723c751e8b465ee728b)
Start importing Assets/未分类/Planes LowPoly/Prefabs/ComPlaneV3.prefab using Guid(7a4952846ba09894b99aeabfdafb8ec0) Importer(815301076,1909f56bfc062723c751e8b465ee728b)  -> (artifact id: '3956660bcf67ff2b6ad445c7c29f29f5') in 0.022828 seconds 
========================================================================
Received Import Request.
  Time since last request: 0.000074 seconds.
  path: Assets/未分类/Planes LowPoly/Prefabs/ComPlaneV1.prefab
  artifactKey: Guid(f6d4109da7a8fb14598e335baed19ec6) Importer(815301076,1909f56bfc062723c751e8b465ee728b)
Start importing Assets/未分类/Planes LowPoly/Prefabs/ComPlaneV1.prefab using Guid(f6d4109da7a8fb14598e335baed19ec6) Importer(815301076,1909f56bfc062723c751e8b465ee728b)  -> (artifact id: '8e5c1c8c9fe29b007b02e49911028b01') in 0.024193 seconds 
