Unity Editor version:    2021.2.10f1 (ee872746220e)
Branch:                  2021.2/staging
Build type:              Release
Batch mode:              YES
macOS version:           Version 10.15.2 (Build 19C57)
Darwin version:          19.2.0
Architecture:            x86_64
Running under Rosetta:   NO
Available memory:        16384 MB
Using pre-set license
Pro License: NO

COMMAND LINE ARGUMENTS:
/Applications/Unity/Unity.app/Contents/MacOS/Unity
-adb2
-batchMode
-noUpm
-name
AssetImportWorker1
-projectPath
/Users/software/Desktop/spring 2022/museum/Github musuem/Museum-of-Us/MuseumOfUs
-logFile
Logs/AssetImportWorker1.log
-srvPort
64485
Successfully changed project path to: /Users/software/Desktop/spring 2022/museum/Github musuem/Museum-of-Us/MuseumOfUs
/Users/software/Desktop/spring 2022/museum/Github musuem/Museum-of-Us/MuseumOfUs
[UnityMemory] Configuration Parameters - Can be set up in boot.config
    "memorysetup-bucket-allocator-granularity=16"
    "memorysetup-bucket-allocator-bucket-count=8"
    "memorysetup-bucket-allocator-block-size=33554432"
    "memorysetup-bucket-allocator-block-count=8"
    "memorysetup-main-allocator-block-size=16777216"
    "memorysetup-thread-allocator-block-size=16777216"
    "memorysetup-gfx-main-allocator-block-size=16777216"
    "memorysetup-gfx-thread-allocator-block-size=16777216"
    "memorysetup-cache-allocator-block-size=4194304"
    "memorysetup-typetree-allocator-block-size=2097152"
    "memorysetup-profiler-bucket-allocator-granularity=16"
    "memorysetup-profiler-bucket-allocator-bucket-count=8"
    "memorysetup-profiler-bucket-allocator-block-size=33554432"
    "memorysetup-profiler-bucket-allocator-block-count=8"
    "memorysetup-profiler-allocator-block-size=16777216"
    "memorysetup-profiler-editor-allocator-block-size=1048576"
    "memorysetup-temp-allocator-size-main=16777216"
    "memorysetup-job-temp-allocator-block-size=2097152"
    "memorysetup-job-temp-allocator-block-size-background=1048576"
    "memorysetup-job-temp-allocator-reduction-small-platforms=262144"
    "memorysetup-temp-allocator-size-background-worker=32768"
    "memorysetup-temp-allocator-size-job-worker=262144"
    "memorysetup-temp-allocator-size-preload-manager=33554432"
    "memorysetup-temp-allocator-size-nav-mesh-worker=65536"
    "memorysetup-temp-allocator-size-audio-worker=65536"
    "memorysetup-temp-allocator-size-cloud-worker=32768"
    "memorysetup-temp-allocator-size-gi-baking-worker=262144"
    "memorysetup-temp-allocator-size-gfx=262144"
Refreshing native plugins compatible for Editor in 136.49 ms, found 2 plugins.
Preloading 0 native plugins for Editor in 0.00 ms.
Initialize engine version: 2021.2.10f1 (ee872746220e)
[Subsystems] Discovering subsystems at path /Applications/Unity/Unity.app/Contents/Resources/UnitySubsystems
[Subsystems] Discovering subsystems at path /Users/software/Desktop/spring 2022/museum/Github musuem/Museum-of-Us/MuseumOfUs/Assets
GfxDevice: creating device client; threaded=0; jobified=0
Color LCD preferred device: Intel Iris Pro Graphics (low power)
Metal devices available: 2
0: AMD Radeon R9 M370X (high power)
1: Intel Iris Pro Graphics (low power)
Using device AMD Radeon R9 M370X (high power)
Initializing Metal device caps: AMD Radeon R9 M370X
Initialize mono
Mono path[0] = '/Applications/Unity/Unity.app/Contents/Managed'
Mono path[1] = '/Applications/Unity/Unity.app/Contents/MonoBleedingEdge/lib/mono/unityjit-macos'
Mono config path = '/Applications/Unity/Unity.app/Contents/MonoBleedingEdge/etc'
Using monoOptions --debugger-agent=transport=dt_socket,embedding=1,server=y,suspend=n,address=127.0.0.1:56822
Begin MonoManager ReloadAssembly
Registering precompiled unity dll's ...
Register platform support module: /Applications/Unity/Unity.app/Contents/PlaybackEngines/MacStandaloneSupport/UnityEditor.OSXStandalone.Extensions.dll
Registered in 0.000876 seconds.
Native extension for OSXStandalone target not found
Refreshing native plugins compatible for Editor in 162.72 ms, found 2 plugins.
Preloading 0 native plugins for Editor in 0.00 ms.
Mono: successfully reloaded assembly
- Completed reload, in  1.017 seconds
Domain Reload Profiling:
	ReloadAssembly (1018ms)
		BeginReloadAssembly (90ms)
			ExecutionOrderSort (0ms)
			DisableScriptedObjects (0ms)
			BackupInstance (0ms)
			ReleaseScriptingObjects (0ms)
			CreateAndSetChildDomain (1ms)
		EndReloadAssembly (811ms)
			LoadAssemblies (89ms)
			RebuildTransferFunctionScriptingTraits (0ms)
			SetupTypeCache (186ms)
			ReleaseScriptCaches (0ms)
			RebuildScriptCaches (47ms)
			SetupLoadedEditorAssemblies (507ms)
				LogAssemblyErrors (0ms)
				InitializePlatformSupportModulesInManaged (17ms)
				SetLoadedEditorAssemblies (0ms)
				RefreshPlugins (163ms)
				BeforeProcessingInitializeOnLoad (2ms)
				ProcessInitializeOnLoadAttributes (259ms)
				ProcessInitializeOnLoadMethodAttributes (65ms)
				AfterProcessingInitializeOnLoad (0ms)
				EditorAssembliesLoaded (0ms)
			ExecutionOrderSort2 (0ms)
			AwakeInstancesAfterBackupRestoration (0ms)
Platform modules already initialized, skipping
Registering precompiled user dll's ...
Registered in 0.003511 seconds.
Begin MonoManager ReloadAssembly
Symbol file LoadedFromMemory doesn't match image /Users/software/Desktop/spring 2022/museum/Github musuem/Museum-of-Us/MuseumOfUs/Library/PackageCache/com.unity.visualscripting@1.7.6/Editor/VisualScripting.Core/Dependencies/YamlDotNet/Unity.VisualScripting.YamlDotNet.dll
Symbol file LoadedFromMemory doesn't match image /Users/software/Desktop/spring 2022/museum/Github musuem/Museum-of-Us/MuseumOfUs/Library/PackageCache/com.unity.visualscripting@1.7.6/Editor/VisualScripting.Core/Dependencies/DotNetZip/Unity.VisualScripting.IonicZip.dll
Native extension for OSXStandalone target not found
Refreshing native plugins compatible for Editor in 0.83 ms, found 2 plugins.
Preloading 0 native plugins for Editor in 0.00 ms.
Mono: successfully reloaded assembly
- Completed reload, in  1.520 seconds
Domain Reload Profiling:
	ReloadAssembly (1522ms)
		BeginReloadAssembly (158ms)
			ExecutionOrderSort (0ms)
			DisableScriptedObjects (9ms)
			BackupInstance (0ms)
			ReleaseScriptingObjects (0ms)
			CreateAndSetChildDomain (43ms)
		EndReloadAssembly (1210ms)
			LoadAssemblies (85ms)
			RebuildTransferFunctionScriptingTraits (0ms)
			SetupTypeCache (452ms)
			ReleaseScriptCaches (1ms)
			RebuildScriptCaches (81ms)
			SetupLoadedEditorAssemblies (525ms)
				LogAssemblyErrors (0ms)
				InitializePlatformSupportModulesInManaged (11ms)
				SetLoadedEditorAssemblies (1ms)
				RefreshPlugins (1ms)
				BeforeProcessingInitializeOnLoad (107ms)
				ProcessInitializeOnLoadAttributes (372ms)
				ProcessInitializeOnLoadMethodAttributes (32ms)
				AfterProcessingInitializeOnLoad (2ms)
				EditorAssembliesLoaded (0ms)
			ExecutionOrderSort2 (0ms)
			AwakeInstancesAfterBackupRestoration (6ms)
Platform modules already initialized, skipping
========================================================================
Worker process is ready to serve import requests
Launching external process: /Applications/Unity/Unity.app/Contents/Tools/UnityShaderCompiler
Launched and connected shader compiler UnityShaderCompiler after 0.02 seconds
Refreshing native plugins compatible for Editor in 1.12 ms, found 2 plugins.
Preloading 0 native plugins for Editor in 0.00 ms.
Unloading 3229 Unused Serialized files (Serialized files now loaded: 0)
Unloading 26 unused Assets / (95.6 KB). Loaded Objects now: 3689.
Memory consumption went from 228.4 MB to 228.3 MB.
Total: 5.568201 ms (FindLiveObjects: 0.460134 ms CreateObjectMapping: 0.294752 ms MarkObjects: 4.576632 ms  DeleteObjects: 0.235265 ms)

AssetImportParameters requested are different than current active one (requested -> active):
  custom:video-decoder-ogg-theora: a1e56fd34408186e4bbccfd4996cb3dc -> 
  custom:container-muxer-webm: aa71ff27fc2769a1b78a27578f13a17b -> 
  custom:container-demuxer-webm: 4f35f7cbe854078d1ac9338744f61a02 -> 
  custom:video-encoder-webm-vp8: eb34c28f22e8b96e1ab97ce403110664 -> 
  custom:framework-osx-AVFoundation: b23960f63f64bdc6ff669e2cdcee2391 -> 
  custom:audio-encoder-webm-vorbis: bf7c407c2cedff20999df2af8eb42d56 -> 
  custom:container-demuxer-ogg: 62fdf1f143b41e24485cea50d1cbac27 -> 
  custom:video-decoder-webm-vp8: 9c59270c3fd7afecdb556c50c9e8de78 -> 
  custom:audio-decoder-ogg-vorbis: bf7c407c2cedff20999df2af8eb42d56 -> 
========================================================================
Received Import Request.
  Time since last request: 169730.147045 seconds.
  path: Assets/Minimalist Free v2.4.2/Demos/AbstractBoxDemo/AbstractBox.fbx
  artifactKey: Guid(66e7e2b48d418c24dabd3184b70b2358) Importer(815301076,1909f56bfc062723c751e8b465ee728b)
Start importing Assets/Minimalist Free v2.4.2/Demos/AbstractBoxDemo/AbstractBox.fbx using Guid(66e7e2b48d418c24dabd3184b70b2358) Importer(815301076,1909f56bfc062723c751e8b465ee728b)  -> (artifact id: '49ed822836ee29e9dde99e8e35ae018b') in 0.679477 seconds 
========================================================================
Received Import Request.
  Time since last request: 0.000112 seconds.
  path: Assets/Minimalist Free v2.4.2/Demos/LaraCroftGoDemo/FloorTex.psd
  artifactKey: Guid(9c64192fc754e234790e3e7df0e62211) Importer(815301076,1909f56bfc062723c751e8b465ee728b)
Start importing Assets/Minimalist Free v2.4.2/Demos/LaraCroftGoDemo/FloorTex.psd using Guid(9c64192fc754e234790e3e7df0e62211) Importer(815301076,1909f56bfc062723c751e8b465ee728b)  -> (artifact id: 'c72d4ffc04d21dd91f9904b6b8cb2aa9') in 0.726615 seconds 
========================================================================
Received Import Request.
  Time since last request: 0.000078 seconds.
  path: Assets/Minimalist Free v2.4.2/Demos/LaraCroftGoDemo/LaraCroftGoModel.fbx
  artifactKey: Guid(21b652b08356dfe488baa678830480a9) Importer(815301076,1909f56bfc062723c751e8b465ee728b)
Start importing Assets/Minimalist Free v2.4.2/Demos/LaraCroftGoDemo/LaraCroftGoModel.fbx using Guid(21b652b08356dfe488baa678830480a9) Importer(815301076,1909f56bfc062723c751e8b465ee728b)  -> (artifact id: '5088ecf962e56aa58da81f6ad5d2f3b3') in 0.429300 seconds 
========================================================================
Received Prepare
Registering precompiled user dll's ...
Registered in 0.004964 seconds.
Begin MonoManager ReloadAssembly
Symbol file LoadedFromMemory doesn't match image /Users/software/Desktop/spring 2022/museum/Github musuem/Museum-of-Us/MuseumOfUs/Library/PackageCache/com.unity.visualscripting@1.7.6/Editor/VisualScripting.Core/Dependencies/YamlDotNet/Unity.VisualScripting.YamlDotNet.dll
Symbol file LoadedFromMemory doesn't match image /Users/software/Desktop/spring 2022/museum/Github musuem/Museum-of-Us/MuseumOfUs/Library/PackageCache/com.unity.visualscripting@1.7.6/Editor/VisualScripting.Core/Dependencies/DotNetZip/Unity.VisualScripting.IonicZip.dll
Native extension for OSXStandalone target not found
Refreshing native plugins compatible for Editor in 1.15 ms, found 2 plugins.
Preloading 0 native plugins for Editor in 0.00 ms.
Mono: successfully reloaded assembly
- Completed reload, in  1.856 seconds
Domain Reload Profiling:
	ReloadAssembly (1857ms)
		BeginReloadAssembly (198ms)
			ExecutionOrderSort (0ms)
			DisableScriptedObjects (8ms)
			BackupInstance (0ms)
			ReleaseScriptingObjects (0ms)
			CreateAndSetChildDomain (99ms)
		EndReloadAssembly (1456ms)
			LoadAssemblies (78ms)
			RebuildTransferFunctionScriptingTraits (0ms)
			SetupTypeCache (537ms)
			ReleaseScriptCaches (2ms)
			RebuildScriptCaches (85ms)
			SetupLoadedEditorAssemblies (616ms)
				LogAssemblyErrors (0ms)
				InitializePlatformSupportModulesInManaged (14ms)
				SetLoadedEditorAssemblies (1ms)
				RefreshPlugins (1ms)
				BeforeProcessingInitializeOnLoad (101ms)
				ProcessInitializeOnLoadAttributes (442ms)
				ProcessInitializeOnLoadMethodAttributes (53ms)
				AfterProcessingInitializeOnLoad (3ms)
				EditorAssembliesLoaded (0ms)
			ExecutionOrderSort2 (0ms)
			AwakeInstancesAfterBackupRestoration (23ms)
Platform modules already initialized, skipping
Refreshing native plugins compatible for Editor in 1.60 ms, found 2 plugins.
Preloading 0 native plugins for Editor in 0.00 ms.
Unloading 3219 Unused Serialized files (Serialized files now loaded: 0)
Unloading 21 unused Assets / (72.4 KB). Loaded Objects now: 3717.
Memory consumption went from 244.1 MB to 244.0 MB.
Total: 7.495058 ms (FindLiveObjects: 0.462118 ms CreateObjectMapping: 0.362394 ms MarkObjects: 6.499665 ms  DeleteObjects: 0.169388 ms)

AssetImportParameters requested are different than current active one (requested -> active):
  custom:video-decoder-ogg-theora: a1e56fd34408186e4bbccfd4996cb3dc -> 
  custom:container-muxer-webm: aa71ff27fc2769a1b78a27578f13a17b -> 
  custom:container-demuxer-webm: 4f35f7cbe854078d1ac9338744f61a02 -> 
  custom:video-encoder-webm-vp8: eb34c28f22e8b96e1ab97ce403110664 -> 
  custom:framework-osx-AVFoundation: b23960f63f64bdc6ff669e2cdcee2391 -> 
  custom:audio-encoder-webm-vorbis: bf7c407c2cedff20999df2af8eb42d56 -> 
  custom:container-demuxer-ogg: 62fdf1f143b41e24485cea50d1cbac27 -> 
  custom:video-decoder-webm-vp8: 9c59270c3fd7afecdb556c50c9e8de78 -> 
  custom:audio-decoder-ogg-vorbis: bf7c407c2cedff20999df2af8eb42d56 -> 
========================================================================
Received Import Request.
  Time since last request: 70.601162 seconds.
  path: Assets/Minimalist Free v2.4.2/Demos/MonumentValleyDemo/Monument Valley/Lightmap-0_comp_light.exr
  artifactKey: Guid(87380edbe4a4fbc48b3fdec96e473aca) Importer(815301076,1909f56bfc062723c751e8b465ee728b)
Start importing Assets/Minimalist Free v2.4.2/Demos/MonumentValleyDemo/Monument Valley/Lightmap-0_comp_light.exr using Guid(87380edbe4a4fbc48b3fdec96e473aca) Importer(815301076,1909f56bfc062723c751e8b465ee728b)  -> (artifact id: '22cdb2abd0b493ee569f7ad9c65450c6') in 1.774097 seconds 
========================================================================
Received Import Request.
  Time since last request: 112.861453 seconds.
  path: Assets/Minimalist Free v2.4.2/Demos/MonumentValleyDemo/Materials/Grass.mat
  artifactKey: Guid(7aa516626df7eed4e91936e175b7504c) Importer(815301076,1909f56bfc062723c751e8b465ee728b)
Start importing Assets/Minimalist Free v2.4.2/Demos/MonumentValleyDemo/Materials/Grass.mat using Guid(7aa516626df7eed4e91936e175b7504c) Importer(815301076,1909f56bfc062723c751e8b465ee728b)  -> (artifact id: 'd369dc717b9e57ecdb2a337a455459bc') in 0.437223 seconds 
========================================================================
Received Import Request.
  Time since last request: 28.310608 seconds.
  path: Assets/Minimalist Free v2.4.2/Demos/IsometricCasualGameDemo/Materials/No Name.mat
  artifactKey: Guid(d239c8a66a81d764b9323c56acce58e7) Importer(815301076,1909f56bfc062723c751e8b465ee728b)
Start importing Assets/Minimalist Free v2.4.2/Demos/IsometricCasualGameDemo/Materials/No Name.mat using Guid(d239c8a66a81d764b9323c56acce58e7) Importer(815301076,1909f56bfc062723c751e8b465ee728b)  -> (artifact id: '8de5dbc9cb9eaf6e2226f4b2a752679b') in 0.017662 seconds 
========================================================================
Received Import Request.
  Time since last request: 0.000078 seconds.
  path: Assets/Minimalist Free v2.4.2/Demos/IsometricCasualGameDemo/Materials/sky.mat
  artifactKey: Guid(ed6c17ba27921db48b8223a80fe90fc7) Importer(815301076,1909f56bfc062723c751e8b465ee728b)
Start importing Assets/Minimalist Free v2.4.2/Demos/IsometricCasualGameDemo/Materials/sky.mat using Guid(ed6c17ba27921db48b8223a80fe90fc7) Importer(815301076,1909f56bfc062723c751e8b465ee728b)  -> (artifact id: '198718b74505580478db68b0b9f26a0b') in 0.043461 seconds 
========================================================================
Received Import Request.
  Time since last request: 97.519800 seconds.
  path: Assets/Minimalist Free v2.4.2/Demos/LittleCastleIslandDemo/Materials/Leaves.mat
  artifactKey: Guid(5fdb781218e88f142b9844a4e5712c82) Importer(815301076,1909f56bfc062723c751e8b465ee728b)
Start importing Assets/Minimalist Free v2.4.2/Demos/LittleCastleIslandDemo/Materials/Leaves.mat using Guid(5fdb781218e88f142b9844a4e5712c82) Importer(815301076,1909f56bfc062723c751e8b465ee728b)  -> (artifact id: '090849f7b4cde0bd16433542a7486a71') in 0.016899 seconds 
========================================================================
Received Import Request.
  Time since last request: 0.000077 seconds.
  path: Assets/Minimalist Free v2.4.2/Demos/LittleCastleIslandDemo/Materials/Trunk.mat
  artifactKey: Guid(e3cd99c07ed383a47923ea37262d8e9d) Importer(815301076,1909f56bfc062723c751e8b465ee728b)
Start importing Assets/Minimalist Free v2.4.2/Demos/LittleCastleIslandDemo/Materials/Trunk.mat using Guid(e3cd99c07ed383a47923ea37262d8e9d) Importer(815301076,1909f56bfc062723c751e8b465ee728b)  -> (artifact id: '52da719a834f7b50f4b140747741c03f') in 0.164134 seconds 
========================================================================
Received Import Request.
  Time since last request: 71.939387 seconds.
  path: Assets/Minimalist Free v2.4.2/Demos/AnotherIslandDemo/Scene/NewDemoScene/Lightmap-0_comp_light.exr
  artifactKey: Guid(5f81bacf7bb3862458ec444f72a89f0c) Importer(815301076,1909f56bfc062723c751e8b465ee728b)
Start importing Assets/Minimalist Free v2.4.2/Demos/AnotherIslandDemo/Scene/NewDemoScene/Lightmap-0_comp_light.exr using Guid(5f81bacf7bb3862458ec444f72a89f0c) Importer(815301076,1909f56bfc062723c751e8b465ee728b)  -> (artifact id: 'b824ea42402e529ec00357d93f4ba5d5') in 0.056447 seconds 
========================================================================
Received Import Request.
  Time since last request: 0.000078 seconds.
  path: Assets/Minimalist Free v2.4.2/Demos/AnotherIslandDemo/Scene/NewDemoScene/Lightmap-2_comp_light.exr
  artifactKey: Guid(31f4ee8bbce3c8547a580081419e5d04) Importer(815301076,1909f56bfc062723c751e8b465ee728b)
Start importing Assets/Minimalist Free v2.4.2/Demos/AnotherIslandDemo/Scene/NewDemoScene/Lightmap-2_comp_light.exr using Guid(31f4ee8bbce3c8547a580081419e5d04) Importer(815301076,1909f56bfc062723c751e8b465ee728b)  -> (artifact id: '06bcce2d5913b62ad77f1f7896593e08') in 0.042067 seconds 
========================================================================
Received Import Request.
  Time since last request: 523.300768 seconds.
  path: Assets/Minimalist Free v2.4.2/Demos/CastleDemo/CastleDemo/Lightmap-0_comp_light.exr
  artifactKey: Guid(2c0ac7645fc2cac46ac515cc326a5f09) Importer(815301076,1909f56bfc062723c751e8b465ee728b)
Start importing Assets/Minimalist Free v2.4.2/Demos/CastleDemo/CastleDemo/Lightmap-0_comp_light.exr using Guid(2c0ac7645fc2cac46ac515cc326a5f09) Importer(815301076,1909f56bfc062723c751e8b465ee728b)  -> (artifact id: '955ca51743051a099951f59d86de1d75') in 0.126923 seconds 
========================================================================
Received Import Request.
  Time since last request: 0.226174 seconds.
  path: Assets/Minimalist Free v2.4.2/Demos/CastleDemo/Materials/New Material.mat
  artifactKey: Guid(aad12e1449d3b4545891db881985f611) Importer(815301076,1909f56bfc062723c751e8b465ee728b)
Start importing Assets/Minimalist Free v2.4.2/Demos/CastleDemo/Materials/New Material.mat using Guid(aad12e1449d3b4545891db881985f611) Importer(815301076,1909f56bfc062723c751e8b465ee728b)  -> (artifact id: '70c183e064e0f6c966ea7e51e5ae9e37') in 0.020782 seconds 
========================================================================
Received Import Request.
  Time since last request: 0.000109 seconds.
  path: Assets/Minimalist Free v2.4.2/Demos/CastleDemo/Materials/No Name.mat
  artifactKey: Guid(5092a61dd9a0170448aaec59b96b4be4) Importer(815301076,1909f56bfc062723c751e8b465ee728b)
Start importing Assets/Minimalist Free v2.4.2/Demos/CastleDemo/Materials/No Name.mat using Guid(5092a61dd9a0170448aaec59b96b4be4) Importer(815301076,1909f56bfc062723c751e8b465ee728b)  -> (artifact id: 'e26dcb0b1d50e45bd4d00c0e066c1621') in 0.021289 seconds 
========================================================================
Received Import Request.
  Time since last request: 0.000081 seconds.
  path: Assets/Minimalist Free v2.4.2/Demos/CastleDemo/Materials/Stone.mat
  artifactKey: Guid(48ae2f068b9d1d6408a511c69b062e95) Importer(815301076,1909f56bfc062723c751e8b465ee728b)
Start importing Assets/Minimalist Free v2.4.2/Demos/CastleDemo/Materials/Stone.mat using Guid(48ae2f068b9d1d6408a511c69b062e95) Importer(815301076,1909f56bfc062723c751e8b465ee728b)  -> (artifact id: '4abb137d59128ef65e71109200bb334f') in 0.092708 seconds 
========================================================================
Received Import Request.
  Time since last request: 0.000083 seconds.
  path: Assets/Minimalist Free v2.4.2/Demos/CastleDemo/Materials/sky.mat
  artifactKey: Guid(f3fcc732e2832884a84d72aa20dd0daf) Importer(815301076,1909f56bfc062723c751e8b465ee728b)
Start importing Assets/Minimalist Free v2.4.2/Demos/CastleDemo/Materials/sky.mat using Guid(f3fcc732e2832884a84d72aa20dd0daf) Importer(815301076,1909f56bfc062723c751e8b465ee728b)  -> (artifact id: 'a42424c3a2445f2cfaaeb49321f2ab2d') in 0.021931 seconds 
========================================================================
Received Import Request.
  Time since last request: 0.000075 seconds.
  path: Assets/Minimalist Free v2.4.2/Demos/CastleDemo/Materials/SampleMat.mat
  artifactKey: Guid(6615d9ffc3440f04fac8af5a8fed0763) Importer(815301076,1909f56bfc062723c751e8b465ee728b)
Start importing Assets/Minimalist Free v2.4.2/Demos/CastleDemo/Materials/SampleMat.mat using Guid(6615d9ffc3440f04fac8af5a8fed0763) Importer(815301076,1909f56bfc062723c751e8b465ee728b)  -> (artifact id: '2b1cfade983482b79a7b284618a7c459') in 0.028453 seconds 
========================================================================
Received Import Request.
  Time since last request: 0.000062 seconds.
  path: Assets/Minimalist Free v2.4.2/Demos/CastleDemo/Materials/Tower.mat
  artifactKey: Guid(6745a1f90669faa42a49d7f9dd4cd727) Importer(815301076,1909f56bfc062723c751e8b465ee728b)
Start importing Assets/Minimalist Free v2.4.2/Demos/CastleDemo/Materials/Tower.mat using Guid(6745a1f90669faa42a49d7f9dd4cd727) Importer(815301076,1909f56bfc062723c751e8b465ee728b)  -> (artifact id: '36985c00bbb97dc1c95ce7790b61d681') in 0.161589 seconds 
========================================================================
Received Import Request.
  Time since last request: 28.669205 seconds.
  path: Assets/Minimalist Free v2.4.2/Demos/AnotherIslandDemo/Textures/Ambient Occlusion Map from Mesh FloatingRock.png
  artifactKey: Guid(5aba294e21853d84f81ce434f5d99484) Importer(815301076,1909f56bfc062723c751e8b465ee728b)
Start importing Assets/Minimalist Free v2.4.2/Demos/AnotherIslandDemo/Textures/Ambient Occlusion Map from Mesh FloatingRock.png using Guid(5aba294e21853d84f81ce434f5d99484) Importer(815301076,1909f56bfc062723c751e8b465ee728b)  -> (artifact id: '199401ea63287e47facffef9f1c02e9e') in 0.459962 seconds 
========================================================================
Received Import Request.
  Time since last request: 3.122766 seconds.
  path: Assets/Minimalist Free v2.4.2/Demos/AnotherIslandDemo/Model/Materials/Building.mat
  artifactKey: Guid(561e5efe5327efa4eaa4e07a9b681b3b) Importer(815301076,1909f56bfc062723c751e8b465ee728b)
Start importing Assets/Minimalist Free v2.4.2/Demos/AnotherIslandDemo/Model/Materials/Building.mat using Guid(561e5efe5327efa4eaa4e07a9b681b3b) Importer(815301076,1909f56bfc062723c751e8b465ee728b)  -> (artifact id: '860782ad28de581cabf5c6ad93b65e2a') in 0.097262 seconds 
========================================================================
Received Import Request.
  Time since last request: 0.000085 seconds.
  path: Assets/Minimalist Free v2.4.2/Demos/AnotherIslandDemo/Model/Materials/MountainRock3.mat
  artifactKey: Guid(0a9fa88290552004a9551c2f80ac8f7b) Importer(815301076,1909f56bfc062723c751e8b465ee728b)
Start importing Assets/Minimalist Free v2.4.2/Demos/AnotherIslandDemo/Model/Materials/MountainRock3.mat using Guid(0a9fa88290552004a9551c2f80ac8f7b) Importer(815301076,1909f56bfc062723c751e8b465ee728b)  -> (artifact id: '0e93d7549d0916eff587314114d086f7') in 0.140342 seconds 
========================================================================
Received Import Request.
  Time since last request: 0.000076 seconds.
  path: Assets/Minimalist Free v2.4.2/Demos/AnotherIslandDemo/Model/Materials/Water.mat
  artifactKey: Guid(cc207e67358479e438938cbaa898d815) Importer(815301076,1909f56bfc062723c751e8b465ee728b)
Start importing Assets/Minimalist Free v2.4.2/Demos/AnotherIslandDemo/Model/Materials/Water.mat using Guid(cc207e67358479e438938cbaa898d815) Importer(815301076,1909f56bfc062723c751e8b465ee728b)  -> (artifact id: '98f47bf96c514f66d32209b464173f5b') in 0.190602 seconds 
========================================================================
Received Import Request.
  Time since last request: 0.000075 seconds.
  path: Assets/Minimalist Free v2.4.2/Demos/AnotherIslandDemo/Model/Materials/Building2.mat
  artifactKey: Guid(bedb86f729b9056488f97f5bf7db8340) Importer(815301076,1909f56bfc062723c751e8b465ee728b)
Start importing Assets/Minimalist Free v2.4.2/Demos/AnotherIslandDemo/Model/Materials/Building2.mat using Guid(bedb86f729b9056488f97f5bf7db8340) Importer(815301076,1909f56bfc062723c751e8b465ee728b)  -> (artifact id: '08ceff7d0c2bd2cca9e5c4ce7ff4f72d') in 0.121528 seconds 
========================================================================
Received Import Request.
  Time since last request: 0.000101 seconds.
  path: Assets/Minimalist Free v2.4.2/Demos/AnotherIslandDemo/Model/Materials/Tomb.mat
  artifactKey: Guid(90cc5a78625c6f84d8e83d2a7498f69c) Importer(815301076,1909f56bfc062723c751e8b465ee728b)
Start importing Assets/Minimalist Free v2.4.2/Demos/AnotherIslandDemo/Model/Materials/Tomb.mat using Guid(90cc5a78625c6f84d8e83d2a7498f69c) Importer(815301076,1909f56bfc062723c751e8b465ee728b)  -> (artifact id: '14ef2b6abae5f15a4be36e3edaec389d') in 0.124188 seconds 
========================================================================
Received Import Request.
  Time since last request: 0.000079 seconds.
  path: Assets/Minimalist Free v2.4.2/Demos/AnotherIslandDemo/Model/Materials/CaveRock.mat
  artifactKey: Guid(011abf0afe845b64f85adcbb8adad017) Importer(815301076,1909f56bfc062723c751e8b465ee728b)
Start importing Assets/Minimalist Free v2.4.2/Demos/AnotherIslandDemo/Model/Materials/CaveRock.mat using Guid(011abf0afe845b64f85adcbb8adad017) Importer(815301076,1909f56bfc062723c751e8b465ee728b)  -> (artifact id: 'dd7cf09f90b872ad7c062d1d50b2648c') in 0.139456 seconds 
========================================================================
Received Import Request.
  Time since last request: 0.000568 seconds.
  path: Assets/Minimalist Free v2.4.2/Demos/AnotherIslandDemo/Model/Materials/IslandRock2.mat
  artifactKey: Guid(77d815903d561a644af90e27296bb10c) Importer(815301076,1909f56bfc062723c751e8b465ee728b)
Start importing Assets/Minimalist Free v2.4.2/Demos/AnotherIslandDemo/Model/Materials/IslandRock2.mat using Guid(77d815903d561a644af90e27296bb10c) Importer(815301076,1909f56bfc062723c751e8b465ee728b)  -> (artifact id: 'a21e7c3a8dc611d9ec2fefae1e6638f0') in 0.149434 seconds 
========================================================================
Received Import Request.
  Time since last request: 0.000249 seconds.
  path: Assets/Minimalist Free v2.4.2/Demos/AnotherIslandDemo/Model/Materials/MountainRock1.mat
  artifactKey: Guid(53458d10f60c5094e9ad37b1b6c1ce54) Importer(815301076,1909f56bfc062723c751e8b465ee728b)
Start importing Assets/Minimalist Free v2.4.2/Demos/AnotherIslandDemo/Model/Materials/MountainRock1.mat using Guid(53458d10f60c5094e9ad37b1b6c1ce54) Importer(815301076,1909f56bfc062723c751e8b465ee728b)  -> (artifact id: '1f4ebee518ef0749e9ca9232179316da') in 0.111794 seconds 
========================================================================
Received Import Request.
  Time since last request: 0.000072 seconds.
  path: Assets/Minimalist Free v2.4.2/Demos/AnotherIslandDemo/Model/Materials/RockyPathway.mat
  artifactKey: Guid(b4aae41c388aa2d4c8d3dc4b8ee5606f) Importer(815301076,1909f56bfc062723c751e8b465ee728b)
Start importing Assets/Minimalist Free v2.4.2/Demos/AnotherIslandDemo/Model/Materials/RockyPathway.mat using Guid(b4aae41c388aa2d4c8d3dc4b8ee5606f) Importer(815301076,1909f56bfc062723c751e8b465ee728b)  -> (artifact id: '0faee692d386bd4e2515b0eb251bb800') in 0.135918 seconds 
========================================================================
Received Import Request.
  Time since last request: 71.137467 seconds.
  path: Assets/Minimalist Free v2.4.2/Demos/AbstractBoxDemo/Materials/Inner cube 1.mat
  artifactKey: Guid(e24ffc17721cc344bb82405b52f196d1) Importer(815301076,1909f56bfc062723c751e8b465ee728b)
Start importing Assets/Minimalist Free v2.4.2/Demos/AbstractBoxDemo/Materials/Inner cube 1.mat using Guid(e24ffc17721cc344bb82405b52f196d1) Importer(815301076,1909f56bfc062723c751e8b465ee728b)  -> (artifact id: '547df143dbe85efe305babb3318ad7e7') in 0.083484 seconds 
========================================================================
Received Import Request.
  Time since last request: 0.000080 seconds.
  path: Assets/Minimalist Free v2.4.2/Demos/AbstractBoxDemo/Materials/No Name.mat
  artifactKey: Guid(9a500d5755994f540bc81f05f68032a7) Importer(815301076,1909f56bfc062723c751e8b465ee728b)
Start importing Assets/Minimalist Free v2.4.2/Demos/AbstractBoxDemo/Materials/No Name.mat using Guid(9a500d5755994f540bc81f05f68032a7) Importer(815301076,1909f56bfc062723c751e8b465ee728b)  -> (artifact id: '5195a17a43946077f536b5956773c29e') in 0.028404 seconds 
========================================================================
Received Import Request.
  Time since last request: 0.000233 seconds.
  path: Assets/Minimalist Free v2.4.2/Demos/AbstractBoxDemo/Materials/Sky 1.mat
  artifactKey: Guid(99f140cd0f4d6fd439739aacfc9f8e80) Importer(815301076,1909f56bfc062723c751e8b465ee728b)
Start importing Assets/Minimalist Free v2.4.2/Demos/AbstractBoxDemo/Materials/Sky 1.mat using Guid(99f140cd0f4d6fd439739aacfc9f8e80) Importer(815301076,1909f56bfc062723c751e8b465ee728b)  -> (artifact id: '4e06ff27ff3f4b4645c0c4f6a799c334') in 0.043780 seconds 
========================================================================
Received Import Request.
  Time since last request: 0.000065 seconds.
  path: Assets/Minimalist Free v2.4.2/Demos/AbstractBoxDemo/Materials/Material.mat
  artifactKey: Guid(d2b1ce2781b04ed41a154a40509ca619) Importer(815301076,1909f56bfc062723c751e8b465ee728b)
Start importing Assets/Minimalist Free v2.4.2/Demos/AbstractBoxDemo/Materials/Material.mat using Guid(d2b1ce2781b04ed41a154a40509ca619) Importer(815301076,1909f56bfc062723c751e8b465ee728b)  -> (artifact id: '950378eb82c01ba68f4f6be436d8c362') in 0.016114 seconds 
========================================================================
Received Import Request.
  Time since last request: 0.000135 seconds.
  path: Assets/Minimalist Free v2.4.2/Demos/AbstractBoxDemo/Materials/Outer cube 1.mat
  artifactKey: Guid(db899007621994e40bc38717ebc1dac9) Importer(815301076,1909f56bfc062723c751e8b465ee728b)
Start importing Assets/Minimalist Free v2.4.2/Demos/AbstractBoxDemo/Materials/Outer cube 1.mat using Guid(db899007621994e40bc38717ebc1dac9) Importer(815301076,1909f56bfc062723c751e8b465ee728b)  -> (artifact id: 'b03ab5296f0289bbc398aae6b26307fa') in 0.125186 seconds 
========================================================================
Received Prepare
Registering precompiled user dll's ...
Registered in 0.002918 seconds.
Begin MonoManager ReloadAssembly
Symbol file LoadedFromMemory doesn't match image /Users/software/Desktop/spring 2022/museum/Github musuem/Museum-of-Us/MuseumOfUs/Library/PackageCache/com.unity.visualscripting@1.7.6/Editor/VisualScripting.Core/Dependencies/YamlDotNet/Unity.VisualScripting.YamlDotNet.dll
Symbol file LoadedFromMemory doesn't match image /Users/software/Desktop/spring 2022/museum/Github musuem/Museum-of-Us/MuseumOfUs/Library/PackageCache/com.unity.visualscripting@1.7.6/Editor/VisualScripting.Core/Dependencies/DotNetZip/Unity.VisualScripting.IonicZip.dll
Native extension for OSXStandalone target not found
Refreshing native plugins compatible for Editor in 1.49 ms, found 2 plugins.
Preloading 0 native plugins for Editor in 0.00 ms.
Mono: successfully reloaded assembly
- Completed reload, in  2.427 seconds
Domain Reload Profiling:
	ReloadAssembly (2428ms)
		BeginReloadAssembly (303ms)
			ExecutionOrderSort (0ms)
			DisableScriptedObjects (10ms)
			BackupInstance (0ms)
			ReleaseScriptingObjects (0ms)
			CreateAndSetChildDomain (140ms)
		EndReloadAssembly (1912ms)
			LoadAssemblies (135ms)
			RebuildTransferFunctionScriptingTraits (0ms)
			SetupTypeCache (657ms)
			ReleaseScriptCaches (2ms)
			RebuildScriptCaches (91ms)
			SetupLoadedEditorAssemblies (540ms)
				LogAssemblyErrors (0ms)
				InitializePlatformSupportModulesInManaged (16ms)
				SetLoadedEditorAssemblies (1ms)
				RefreshPlugins (2ms)
				BeforeProcessingInitializeOnLoad (85ms)
				ProcessInitializeOnLoadAttributes (381ms)
				ProcessInitializeOnLoadMethodAttributes (53ms)
				AfterProcessingInitializeOnLoad (3ms)
				EditorAssembliesLoaded (0ms)
			ExecutionOrderSort2 (0ms)
			AwakeInstancesAfterBackupRestoration (27ms)
Platform modules already initialized, skipping
Refreshing native plugins compatible for Editor in 0.91 ms, found 2 plugins.
Preloading 0 native plugins for Editor in 0.00 ms.
Unloading 3225 Unused Serialized files (Serialized files now loaded: 0)
Unloading 21 unused Assets / (72.8 KB). Loaded Objects now: 3831.
Memory consumption went from 336.9 MB to 336.8 MB.
Total: 3.739292 ms (FindLiveObjects: 0.321674 ms CreateObjectMapping: 0.134292 ms MarkObjects: 3.109166 ms  DeleteObjects: 0.173006 ms)

AssetImportParameters requested are different than current active one (requested -> active):
  custom:video-decoder-ogg-theora: a1e56fd34408186e4bbccfd4996cb3dc -> 
  custom:container-muxer-webm: aa71ff27fc2769a1b78a27578f13a17b -> 
  custom:container-demuxer-webm: 4f35f7cbe854078d1ac9338744f61a02 -> 
  custom:video-encoder-webm-vp8: eb34c28f22e8b96e1ab97ce403110664 -> 
  custom:framework-osx-AVFoundation: b23960f63f64bdc6ff669e2cdcee2391 -> 
  custom:audio-encoder-webm-vorbis: bf7c407c2cedff20999df2af8eb42d56 -> 
  custom:container-demuxer-ogg: 62fdf1f143b41e24485cea50d1cbac27 -> 
  custom:video-decoder-webm-vp8: 9c59270c3fd7afecdb556c50c9e8de78 -> 
  custom:audio-decoder-ogg-vorbis: bf7c407c2cedff20999df2af8eb42d56 -> 
========================================================================
Received Prepare
Registering precompiled user dll's ...
Registered in 0.004436 seconds.
Begin MonoManager ReloadAssembly
Symbol file LoadedFromMemory doesn't match image /Users/software/Desktop/spring 2022/museum/Github musuem/Museum-of-Us/MuseumOfUs/Library/PackageCache/com.unity.visualscripting@1.7.6/Editor/VisualScripting.Core/Dependencies/YamlDotNet/Unity.VisualScripting.YamlDotNet.dll
Symbol file LoadedFromMemory doesn't match image /Users/software/Desktop/spring 2022/museum/Github musuem/Museum-of-Us/MuseumOfUs/Library/PackageCache/com.unity.visualscripting@1.7.6/Editor/VisualScripting.Core/Dependencies/DotNetZip/Unity.VisualScripting.IonicZip.dll
Native extension for OSXStandalone target not found
Refreshing native plugins compatible for Editor in 0.91 ms, found 2 plugins.
Preloading 0 native plugins for Editor in 0.00 ms.
Mono: successfully reloaded assembly
- Completed reload, in  1.772 seconds
Domain Reload Profiling:
	ReloadAssembly (1773ms)
		BeginReloadAssembly (288ms)
			ExecutionOrderSort (0ms)
			DisableScriptedObjects (15ms)
			BackupInstance (0ms)
			ReleaseScriptingObjects (0ms)
			CreateAndSetChildDomain (126ms)
		EndReloadAssembly (1280ms)
			LoadAssemblies (116ms)
			RebuildTransferFunctionScriptingTraits (0ms)
			SetupTypeCache (527ms)
			ReleaseScriptCaches (3ms)
			RebuildScriptCaches (70ms)
			SetupLoadedEditorAssemblies (499ms)
				LogAssemblyErrors (0ms)
				InitializePlatformSupportModulesInManaged (15ms)
				SetLoadedEditorAssemblies (1ms)
				RefreshPlugins (1ms)
				BeforeProcessingInitializeOnLoad (94ms)
				ProcessInitializeOnLoadAttributes (347ms)
				ProcessInitializeOnLoadMethodAttributes (40ms)
				AfterProcessingInitializeOnLoad (2ms)
				EditorAssembliesLoaded (0ms)
			ExecutionOrderSort2 (0ms)
			AwakeInstancesAfterBackupRestoration (19ms)
Platform modules already initialized, skipping
Refreshing native plugins compatible for Editor in 0.84 ms, found 2 plugins.
Preloading 0 native plugins for Editor in 0.00 ms.
Unloading 3220 Unused Serialized files (Serialized files now loaded: 0)
Unloading 21 unused Assets / (72.5 KB). Loaded Objects now: 3833.
Memory consumption went from 336.9 MB to 336.8 MB.
Total: 5.435320 ms (FindLiveObjects: 0.331517 ms CreateObjectMapping: 0.266876 ms MarkObjects: 4.726227 ms  DeleteObjects: 0.109536 ms)

AssetImportParameters requested are different than current active one (requested -> active):
  custom:video-decoder-ogg-theora: a1e56fd34408186e4bbccfd4996cb3dc -> 
  custom:container-muxer-webm: aa71ff27fc2769a1b78a27578f13a17b -> 
  custom:container-demuxer-webm: 4f35f7cbe854078d1ac9338744f61a02 -> 
  custom:video-encoder-webm-vp8: eb34c28f22e8b96e1ab97ce403110664 -> 
  custom:framework-osx-AVFoundation: b23960f63f64bdc6ff669e2cdcee2391 -> 
  custom:audio-encoder-webm-vorbis: bf7c407c2cedff20999df2af8eb42d56 -> 
  custom:container-demuxer-ogg: 62fdf1f143b41e24485cea50d1cbac27 -> 
  custom:video-decoder-webm-vp8: 9c59270c3fd7afecdb556c50c9e8de78 -> 
  custom:audio-decoder-ogg-vorbis: bf7c407c2cedff20999df2af8eb42d56 -> 
========================================================================
Received Prepare
Registering precompiled user dll's ...
Registered in 0.003229 seconds.
Begin MonoManager ReloadAssembly
Symbol file LoadedFromMemory doesn't match image /Users/software/Desktop/spring 2022/museum/Github musuem/Museum-of-Us/MuseumOfUs/Library/PackageCache/com.unity.visualscripting@1.7.6/Editor/VisualScripting.Core/Dependencies/YamlDotNet/Unity.VisualScripting.YamlDotNet.dll
Symbol file LoadedFromMemory doesn't match image /Users/software/Desktop/spring 2022/museum/Github musuem/Museum-of-Us/MuseumOfUs/Library/PackageCache/com.unity.visualscripting@1.7.6/Editor/VisualScripting.Core/Dependencies/DotNetZip/Unity.VisualScripting.IonicZip.dll
Native extension for OSXStandalone target not found
Refreshing native plugins compatible for Editor in 0.88 ms, found 2 plugins.
Preloading 0 native plugins for Editor in 0.00 ms.
Mono: successfully reloaded assembly
- Completed reload, in  1.522 seconds
Domain Reload Profiling:
	ReloadAssembly (1523ms)
		BeginReloadAssembly (195ms)
			ExecutionOrderSort (0ms)
			DisableScriptedObjects (9ms)
			BackupInstance (0ms)
			ReleaseScriptingObjects (0ms)
			CreateAndSetChildDomain (85ms)
		EndReloadAssembly (1169ms)
			LoadAssemblies (91ms)
			RebuildTransferFunctionScriptingTraits (0ms)
			SetupTypeCache (456ms)
			ReleaseScriptCaches (2ms)
			RebuildScriptCaches (66ms)
			SetupLoadedEditorAssemblies (471ms)
				LogAssemblyErrors (0ms)
				InitializePlatformSupportModulesInManaged (13ms)
				SetLoadedEditorAssemblies (1ms)
				RefreshPlugins (1ms)
				BeforeProcessingInitializeOnLoad (81ms)
				ProcessInitializeOnLoadAttributes (334ms)
				ProcessInitializeOnLoadMethodAttributes (38ms)
				AfterProcessingInitializeOnLoad (3ms)
				EditorAssembliesLoaded (0ms)
			ExecutionOrderSort2 (0ms)
			AwakeInstancesAfterBackupRestoration (16ms)
Platform modules already initialized, skipping
Refreshing native plugins compatible for Editor in 0.98 ms, found 2 plugins.
Preloading 0 native plugins for Editor in 0.00 ms.
Unloading 3220 Unused Serialized files (Serialized files now loaded: 0)
Unloading 21 unused Assets / (72.4 KB). Loaded Objects now: 3835.
Memory consumption went from 337.1 MB to 337.0 MB.
Total: 4.321428 ms (FindLiveObjects: 0.327558 ms CreateObjectMapping: 0.235114 ms MarkObjects: 3.655707 ms  DeleteObjects: 0.101857 ms)

AssetImportParameters requested are different than current active one (requested -> active):
  custom:video-decoder-ogg-theora: a1e56fd34408186e4bbccfd4996cb3dc -> 
  custom:container-muxer-webm: aa71ff27fc2769a1b78a27578f13a17b -> 
  custom:container-demuxer-webm: 4f35f7cbe854078d1ac9338744f61a02 -> 
  custom:video-encoder-webm-vp8: eb34c28f22e8b96e1ab97ce403110664 -> 
  custom:framework-osx-AVFoundation: b23960f63f64bdc6ff669e2cdcee2391 -> 
  custom:audio-encoder-webm-vorbis: bf7c407c2cedff20999df2af8eb42d56 -> 
  custom:container-demuxer-ogg: 62fdf1f143b41e24485cea50d1cbac27 -> 
  custom:video-decoder-webm-vp8: 9c59270c3fd7afecdb556c50c9e8de78 -> 
  custom:audio-decoder-ogg-vorbis: bf7c407c2cedff20999df2af8eb42d56 -> 
